<?xml version="1.0" encoding="UTF-8"?>
<testsuite xmlns:xsi="http://www.w3.org/2001/XMLSchema-instance" xsi:noNamespaceSchemaLocation="https://maven.apache.org/surefire/maven-surefire-plugin/xsd/surefire-test-report.xsd" name="hellomodel.HelloModelTest" time="3.126" tests="1" errors="0" skipped="0" failures="1">
  <properties>
[...]
</properties>
  <testcase name="bothShownOnPage" classname="hellomodel.HelloModelTest" time="0.568">
    <failure message="Response content&#10;Expected: a string containing &quot;Robot&quot;&#10;     but: was &quot;&lt;html xmlns=&quot;http://www.w3.org/1999/xhtml&quot;&gt;&#10;    &lt;head&gt;&#10;        &lt;title&gt;FullStack -työ&lt;/title&gt;&#10;    &lt;/head&gt;&#10;&#10;    &lt;body&gt;&#10;        &lt;h1&gt;FullStack -työ&lt;/h1&gt;&#10;&#10;        &lt;p&gt;Once upon a time, there was a person called &#10;            &lt;span&gt;Ilkka&lt;/span&gt;, who liked to play. As &#10;            &lt;span&gt;Ilkka&lt;/span&gt; grew older, a small box was&#10;            uncovered from the basement of an old abandoned house. The box had &#10;            the text &lt;code&gt;Commodore 64&lt;/code&gt; written on it --&#10;            &lt;span&gt;Ilkka&lt;/span&gt; found the box very &#10;            interesting, but did not know what to do with it.&lt;/p&gt;&#10;&#10;        &lt;p&gt;To unravel the mystery, &lt;span&gt;Ilkka&lt;/span&gt; &#10;            sought out the owners of the house, and asked them about the box. &#10;            They told that it is a sacred relic from ancient times, when people &#10;            could conjure things with their hands.&lt;/p&gt;&#10;&#10;        &lt;p&gt;&quot;&lt;em&gt;Why have I not heard about this before&lt;/em&gt;&quot;, asked &#10;            &lt;span&gt;Ilkka&lt;/span&gt;. &quot;&lt;em&gt;The things that the&#10;                owners of such relics have conjured are all around us, but we &#10;                do not see them anymore as the people from ancient times used &#10;                to see them&lt;/em&gt;&quot;, answered one of the owners. &quot;&lt;em&gt;They are &#10;                as much a part of us, as  we are a part of them, hidden in our &#10;                midst&lt;/em&gt;&quot;, continued the other.&lt;/p&gt;&#10;&#10;        &lt;p&gt;How can something be hidden, but still be there, &#10;            &lt;span&gt;Ilkka&lt;/span&gt; could not understand. And &#10;            so, the journey began.&lt;/p&gt;&#10;    &lt;/body&gt;&#10;&lt;/html&gt;&#10;&quot;" type="java.lang.AssertionError"><![CDATA[java.lang.AssertionError: 
Response content
Expected: a string containing "Robot"
     but: was "<html xmlns="http://www.w3.org/1999/xhtml">
    <head>
        <title>FullStack -työ</title>
    </head>

    <body>
        <h1>FullStack -työ</h1>

        <p>Once upon a time, there was a person called 
            <span>Ilkka</span>, who liked to play. As 
            <span>Ilkka</span> grew older, a small box was
            uncovered from the basement of an old abandoned house. The box had 
            the text <code>Commodore 64</code> written on it --
            <span>Ilkka</span> found the box very 
            interesting, but did not know what to do with it.</p>

        <p>To unravel the mystery, <span>Ilkka</span> 
            sought out the owners of the house, and asked them about the box. 
            They told that it is a sacred relic from ancient times, when people 
            could conjure things with their hands.</p>

        <p>"<em>Why have I not heard about this before</em>", asked 
            <span>Ilkka</span>. "<em>The things that the
                owners of such relics have conjured are all around us, but we 
                do not see them anymore as the people from ancient times used 
                to see them</em>", answered one of the owners. "<em>They are 
                as much a part of us, as  we are a part of them, hidden in our 
                midst</em>", continued the other.</p>

        <p>How can something be hidden, but still be there, 
            <span>Ilkka</span> could not understand. And 
            so, the journey began.</p>
    </body>
</html>
"
	at hellomodel.HelloModelTest.bothShownOnPage(HelloModelTest.java:30)
]]></failure>
    <system-out><![CDATA[17:18:11.381 [main] DEBUG org.springframework.test.context.junit4.SpringJUnit4ClassRunner - SpringJUnit4ClassRunner constructor called with [class hellomodel.HelloModelTest]
17:18:11.387 [main] DEBUG org.springframework.test.context.BootstrapUtils - Instantiating CacheAwareContextLoaderDelegate from class [org.springframework.test.context.cache.DefaultCacheAwareContextLoaderDelegate]
17:18:11.395 [main] DEBUG org.springframework.test.context.BootstrapUtils - Instantiating BootstrapContext using constructor [public org.springframework.test.context.support.DefaultBootstrapContext(java.lang.Class,org.springframework.test.context.CacheAwareContextLoaderDelegate)]
17:18:11.422 [main] DEBUG org.springframework.test.context.BootstrapUtils - Instantiating TestContextBootstrapper for test class [hellomodel.HelloModelTest] from class [org.springframework.boot.test.context.SpringBootTestContextBootstrapper]
17:18:11.433 [main] INFO org.springframework.boot.test.context.SpringBootTestContextBootstrapper - Neither @ContextConfiguration nor @ContextHierarchy found for test class [hellomodel.HelloModelTest], using SpringBootContextLoader
17:18:11.438 [main] DEBUG org.springframework.test.context.support.AbstractContextLoader - Did not detect default resource location for test class [hellomodel.HelloModelTest]: class path resource [hellomodel/HelloModelTest-context.xml] does not exist
17:18:11.439 [main] DEBUG org.springframework.test.context.support.AbstractContextLoader - Did not detect default resource location for test class [hellomodel.HelloModelTest]: class path resource [hellomodel/HelloModelTestContext.groovy] does not exist
17:18:11.439 [main] INFO org.springframework.test.context.support.AbstractContextLoader - Could not detect default resource locations for test class [hellomodel.HelloModelTest]: no resource found for suffixes {-context.xml, Context.groovy}.
17:18:11.439 [main] INFO org.springframework.test.context.support.AnnotationConfigContextLoaderUtils - Could not detect default configuration classes for test class [hellomodel.HelloModelTest]: HelloModelTest does not declare any static, non-private, non-final, nested classes annotated with @Configuration.
17:18:11.490 [main] DEBUG org.springframework.test.context.support.ActiveProfilesUtils - Could not find an 'annotation declaring class' for annotation type [org.springframework.test.context.ActiveProfiles] and class [hellomodel.HelloModelTest]
17:18:11.551 [main] DEBUG org.springframework.context.annotation.ClassPathScanningCandidateComponentProvider - Identified candidate component class: file [C:\Users\kimmo\Documents\NetBeansProjects\mooc-wepa-2020\osa02-Osa02_03.HelloModel\target\classes\hellomodel\HelloModelApplication.class]
17:18:11.560 [main] INFO org.springframework.boot.test.context.SpringBootTestContextBootstrapper - Found @SpringBootConfiguration hellomodel.HelloModelApplication for test class hellomodel.HelloModelTest
17:18:11.717 [main] DEBUG org.springframework.boot.test.context.SpringBootTestContextBootstrapper - @TestExecutionListeners is not present for class [hellomodel.HelloModelTest]: using defaults.
17:18:11.720 [main] INFO org.springframework.boot.test.context.SpringBootTestContextBootstrapper - Loaded default TestExecutionListener class names from location [META-INF/spring.factories]: [org.springframework.boot.test.mock.mockito.MockitoTestExecutionListener, org.springframework.boot.test.mock.mockito.ResetMocksTestExecutionListener, org.springframework.boot.test.autoconfigure.restdocs.RestDocsTestExecutionListener, org.springframework.boot.test.autoconfigure.web.client.MockRestServiceServerResetTestExecutionListener, org.springframework.boot.test.autoconfigure.web.servlet.MockMvcPrintOnlyOnFailureTestExecutionListener, org.springframework.boot.test.autoconfigure.web.servlet.WebDriverTestExecutionListener, org.springframework.test.context.web.ServletTestExecutionListener, org.springframework.test.context.support.DirtiesContextBeforeModesTestExecutionListener, org.springframework.test.context.support.DependencyInjectionTestExecutionListener, org.springframework.test.context.support.DirtiesContextTestExecutionListener, org.springframework.test.context.transaction.TransactionalTestExecutionListener, org.springframework.test.context.jdbc.SqlScriptsTestExecutionListener]
17:18:11.754 [main] DEBUG org.springframework.boot.test.context.SpringBootTestContextBootstrapper - Skipping candidate TestExecutionListener [org.springframework.test.context.transaction.TransactionalTestExecutionListener] due to a missing dependency. Specify custom listener classes or make the default listener classes and their required dependencies available. Offending class: [org/springframework/transaction/interceptor/TransactionAttributeSource]
17:18:11.755 [main] DEBUG org.springframework.boot.test.context.SpringBootTestContextBootstrapper - Skipping candidate TestExecutionListener [org.springframework.test.context.jdbc.SqlScriptsTestExecutionListener] due to a missing dependency. Specify custom listener classes or make the default listener classes and their required dependencies available. Offending class: [org/springframework/transaction/interceptor/TransactionAttribute]
17:18:11.756 [main] INFO org.springframework.boot.test.context.SpringBootTestContextBootstrapper - Using TestExecutionListeners: [org.springframework.test.context.web.ServletTestExecutionListener@293a5bf6, org.springframework.test.context.support.DirtiesContextBeforeModesTestExecutionListener@6aeb35e6, org.springframework.boot.test.mock.mockito.MockitoTestExecutionListener@1283bb96, org.springframework.boot.test.autoconfigure.SpringBootDependencyInjectionTestExecutionListener@74f0ea28, org.springframework.test.context.support.DirtiesContextTestExecutionListener@f6efaab, org.springframework.boot.test.mock.mockito.ResetMocksTestExecutionListener@3c19aaa5, org.springframework.boot.test.autoconfigure.restdocs.RestDocsTestExecutionListener@3349e9bb, org.springframework.boot.test.autoconfigure.web.client.MockRestServiceServerResetTestExecutionListener@409bf450, org.springframework.boot.test.autoconfigure.web.servlet.MockMvcPrintOnlyOnFailureTestExecutionListener@38d8f54a, org.springframework.boot.test.autoconfigure.web.servlet.WebDriverTestExecutionListener@49e53c76]
17:18:11.761 [main] DEBUG org.springframework.test.annotation.ProfileValueUtils - Retrieved @ProfileValueSourceConfiguration [null] for test class [hellomodel.HelloModelTest]
17:18:11.763 [main] DEBUG org.springframework.test.annotation.ProfileValueUtils - Retrieved ProfileValueSource type [class org.springframework.test.annotation.SystemProfileValueSource] for class [hellomodel.HelloModelTest]
17:18:11.766 [main] DEBUG org.springframework.test.annotation.ProfileValueUtils - Retrieved @ProfileValueSourceConfiguration [null] for test class [hellomodel.HelloModelTest]
17:18:11.766 [main] DEBUG org.springframework.test.annotation.ProfileValueUtils - Retrieved ProfileValueSource type [class org.springframework.test.annotation.SystemProfileValueSource] for class [hellomodel.HelloModelTest]
17:18:11.767 [main] DEBUG org.springframework.test.annotation.ProfileValueUtils - Retrieved @ProfileValueSourceConfiguration [null] for test class [hellomodel.HelloModelTest]
17:18:11.768 [main] DEBUG org.springframework.test.annotation.ProfileValueUtils - Retrieved ProfileValueSource type [class org.springframework.test.annotation.SystemProfileValueSource] for class [hellomodel.HelloModelTest]
17:18:11.778 [main] DEBUG org.springframework.test.context.support.AbstractDirtiesContextTestExecutionListener - Before test class: context [DefaultTestContext@5656be13 testClass = HelloModelTest, testInstance = [null], testMethod = [null], testException = [null], mergedContextConfiguration = [WebMergedContextConfiguration@4218d6a3 testClass = HelloModelTest, locations = '{}', classes = '{class hellomodel.HelloModelApplication}', contextInitializerClasses = '[]', activeProfiles = '{}', propertySourceLocations = '{}', propertySourceProperties = '{org.springframework.boot.test.context.SpringBootTestContextBootstrapper=true}', contextCustomizers = set[[ImportsContextCustomizer@76505305 key = [org.springframework.boot.test.autoconfigure.web.servlet.MockMvcAutoConfiguration, org.springframework.boot.test.autoconfigure.web.servlet.MockMvcSecurityAutoConfiguration, org.springframework.boot.test.autoconfigure.web.servlet.MockMvcWebClientAutoConfiguration, org.springframework.boot.test.autoconfigure.web.servlet.MockMvcWebDriverAutoConfiguration]], org.springframework.boot.test.context.filter.ExcludeFilterContextCustomizer@1990a65e, org.springframework.boot.test.json.DuplicateJsonObjectContextCustomizerFactory$DuplicateJsonObjectContextCustomizer@6ec8211c, org.springframework.boot.test.mock.mockito.MockitoContextCustomizer@0, org.springframework.boot.test.web.client.TestRestTemplateContextCustomizer@4c762604, org.springframework.boot.test.autoconfigure.properties.PropertyMappingContextCustomizer@e7e8512, org.springframework.boot.test.autoconfigure.web.servlet.WebDriverContextCustomizerFactory$Customizer@fe18270], resourceBasePath = 'src/main/webapp', contextLoader = 'org.springframework.boot.test.context.SpringBootContextLoader', parent = [null]], attributes = map['org.springframework.test.context.web.ServletTestExecutionListener.activateListener' -> true]], class annotated with @DirtiesContext [false] with mode [null].
17:18:11.778 [main] DEBUG org.springframework.test.annotation.ProfileValueUtils - Retrieved @ProfileValueSourceConfiguration [null] for test class [hellomodel.HelloModelTest]
17:18:11.782 [main] DEBUG org.springframework.test.annotation.ProfileValueUtils - Retrieved ProfileValueSource type [class org.springframework.test.annotation.SystemProfileValueSource] for class [hellomodel.HelloModelTest]
17:18:11.827 [main] DEBUG org.springframework.test.context.support.TestPropertySourceUtils - Adding inlined properties to environment: {spring.jmx.enabled=false, org.springframework.boot.test.context.SpringBootTestContextBootstrapper=true, server.port=-1}

  .   ____          _            __ _ _
 /\\ / ___'_ __ _ _(_)_ __  __ _ \ \ \ \
( ( )\___ | '_ | '_| | '_ \/ _` | \ \ \ \
 \\/  ___)| |_)| | | | | || (_| |  ) ) ) )
  '  |____| .__|_| |_|_| |_\__, | / / / /
 =========|_|==============|___/=/_/_/_/
 :: Spring Boot ::        (v2.1.3.RELEASE)

2020-03-14 17:18:12.073  INFO 4544 --- [           main] hellomodel.HelloModelTest                : Starting HelloModelTest on MSI with PID 4544 (started by kimmo in C:\Users\kimmo\Documents\NetBeansProjects\mooc-wepa-2020\osa02-Osa02_03.HelloModel)
2020-03-14 17:18:12.077  INFO 4544 --- [           main] hellomodel.HelloModelTest                : No active profile set, falling back to default profiles: default
2020-03-14 17:18:13.363  INFO 4544 --- [           main] o.s.s.concurrent.ThreadPoolTaskExecutor  : Initializing ExecutorService 'applicationTaskExecutor'
2020-03-14 17:18:13.589  INFO 4544 --- [           main] o.s.b.a.w.s.WelcomePageHandlerMapping    : Adding welcome page template: index
2020-03-14 17:18:13.723  INFO 4544 --- [           main] o.s.b.t.m.w.SpringBootMockServletContext : Initializing Spring TestDispatcherServlet ''
2020-03-14 17:18:13.723  INFO 4544 --- [           main] o.s.t.web.servlet.TestDispatcherServlet  : Initializing Servlet ''
2020-03-14 17:18:13.732  INFO 4544 --- [           main] o.s.t.web.servlet.TestDispatcherServlet  : Completed initialization in 9 ms
2020-03-14 17:18:13.762  INFO 4544 --- [           main] hellomodel.HelloModelTest                : Started HelloModelTest in 1.92 seconds (JVM running for 2.847)

MockHttpServletRequest:
      HTTP Method = GET
      Request URI = /
       Parameters = {title=[HelloWorld], person=[Robot]}
          Headers = []
             Body = null
    Session Attrs = {}

Handler:
             Type = hellomodel.HelloModelController
           Method = public java.lang.String hellomodel.HelloModelController.home(org.springframework.ui.Model)

Async:
    Async started = false
     Async result = null

Resolved Exception:
             Type = null

ModelAndView:
        View name = index
             View = null
        Attribute = person
            value = Ilkka
        Attribute = title
            value = FullStack -työ

FlashMap:
       Attributes = null

MockHttpServletResponse:
           Status = 200
    Error message = null
          Headers = [Content-Language:"en", Content-Type:"text/html;charset=UTF-8"]
     Content type = text/html;charset=UTF-8
             Body = <html xmlns="http://www.w3.org/1999/xhtml">
    <head>
        <title>FullStack -työ</title>
    </head>

    <body>
        <h1>FullStack -työ</h1>

        <p>Once upon a time, there was a person called 
            <span>Ilkka</span>, who liked to play. As 
            <span>Ilkka</span> grew older, a small box was
            uncovered from the basement of an old abandoned house. The box had 
            the text <code>Commodore 64</code> written on it --
            <span>Ilkka</span> found the box very 
            interesting, but did not know what to do with it.</p>

        <p>To unravel the mystery, <span>Ilkka</span> 
            sought out the owners of the house, and asked them about the box. 
            They told that it is a sacred relic from ancient times, when people 
            could conjure things with their hands.</p>

        <p>"<em>Why have I not heard about this before</em>", asked 
            <span>Ilkka</span>. "<em>The things that the
                owners of such relics have conjured are all around us, but we 
                do not see them anymore as the people from ancient times used 
                to see them</em>", answered one of the owners. "<em>They are 
                as much a part of us, as  we are a part of them, hidden in our 
                midst</em>", continued the other.</p>

        <p>How can something be hidden, but still be there, 
            <span>Ilkka</span> could not understand. And 
            so, the journey began.</p>
    </body>
</html>

    Forwarded URL = null
   Redirected URL = null
          Cookies = []

MockHttpServletRequest:
      HTTP Method = GET
      Request URI = /
       Parameters = {title=[HelloWorld], person=[Robot]}
          Headers = []
             Body = null
    Session Attrs = {}

Handler:
             Type = hellomodel.HelloModelController
           Method = public java.lang.String hellomodel.HelloModelController.home(org.springframework.ui.Model)

Async:
    Async started = false
     Async result = null

Resolved Exception:
             Type = null

ModelAndView:
        View name = index
             View = null
        Attribute = person
            value = Ilkka
        Attribute = title
            value = FullStack -työ

FlashMap:
       Attributes = null

MockHttpServletResponse:
           Status = 200
    Error message = null
          Headers = [Content-Language:"en", Content-Type:"text/html;charset=UTF-8"]
     Content type = text/html;charset=UTF-8
             Body = <html xmlns="http://www.w3.org/1999/xhtml">
    <head>
        <title>FullStack -työ</title>
    </head>

    <body>
        <h1>FullStack -työ</h1>

        <p>Once upon a time, there was a person called 
            <span>Ilkka</span>, who liked to play. As 
            <span>Ilkka</span> grew older, a small box was
            uncovered from the basement of an old abandoned house. The box had 
            the text <code>Commodore 64</code> written on it --
            <span>Ilkka</span> found the box very 
            interesting, but did not know what to do with it.</p>

        <p>To unravel the mystery, <span>Ilkka</span> 
            sought out the owners of the house, and asked them about the box. 
            They told that it is a sacred relic from ancient times, when people 
            could conjure things with their hands.</p>

        <p>"<em>Why have I not heard about this before</em>", asked 
            <span>Ilkka</span>. "<em>The things that the
                owners of such relics have conjured are all around us, but we 
                do not see them anymore as the people from ancient times used 
                to see them</em>", answered one of the owners. "<em>They are 
                as much a part of us, as  we are a part of them, hidden in our 
                midst</em>", continued the other.</p>

        <p>How can something be hidden, but still be there, 
            <span>Ilkka</span> could not understand. And 
            so, the journey began.</p>
    </body>
</html>

    Forwarded URL = null
   Redirected URL = null
          Cookies = []
]]></system-out>
  </testcase>
</testsuite>