<?xml version="1.0" encoding="UTF-8"?>
<testsuite xmlns:xsi="http://www.w3.org/2001/XMLSchema-instance" xsi:noNamespaceSchemaLocation="https://maven.apache.org/surefire/maven-surefire-plugin/xsd/surefire-test-report.xsd" name="hellorequestparams.HelloRequestParamsTest" time="3.566" tests="5" errors="0" skipped="0" failures="4">
  <properties>
[...]
</properties>
  <testcase name="singleParamTest" classname="hellorequestparams.HelloRequestParamsTest" time="0.265">
    <failure message="Response content expected:&lt;Hello value&gt; but was:&lt;&gt;" type="java.lang.AssertionError"><![CDATA[java.lang.AssertionError: Response content expected:<Hello value> but was:<>
	at hellorequestparams.HelloRequestParamsTest.singleParamTest(HelloRequestParamsTest.java:30)
]]></failure>
    <system-out><![CDATA[19:07:52.351 [main] DEBUG org.springframework.test.context.junit4.SpringJUnit4ClassRunner - SpringJUnit4ClassRunner constructor called with [class hellorequestparams.HelloRequestParamsTest]
19:07:52.358 [main] DEBUG org.springframework.test.context.BootstrapUtils - Instantiating CacheAwareContextLoaderDelegate from class [org.springframework.test.context.cache.DefaultCacheAwareContextLoaderDelegate]
19:07:52.368 [main] DEBUG org.springframework.test.context.BootstrapUtils - Instantiating BootstrapContext using constructor [public org.springframework.test.context.support.DefaultBootstrapContext(java.lang.Class,org.springframework.test.context.CacheAwareContextLoaderDelegate)]
19:07:52.419 [main] DEBUG org.springframework.test.context.BootstrapUtils - Instantiating TestContextBootstrapper for test class [hellorequestparams.HelloRequestParamsTest] from class [org.springframework.boot.test.context.SpringBootTestContextBootstrapper]
19:07:52.439 [main] INFO org.springframework.boot.test.context.SpringBootTestContextBootstrapper - Neither @ContextConfiguration nor @ContextHierarchy found for test class [hellorequestparams.HelloRequestParamsTest], using SpringBootContextLoader
19:07:52.442 [main] DEBUG org.springframework.test.context.support.AbstractContextLoader - Did not detect default resource location for test class [hellorequestparams.HelloRequestParamsTest]: class path resource [hellorequestparams/HelloRequestParamsTest-context.xml] does not exist
19:07:52.443 [main] DEBUG org.springframework.test.context.support.AbstractContextLoader - Did not detect default resource location for test class [hellorequestparams.HelloRequestParamsTest]: class path resource [hellorequestparams/HelloRequestParamsTestContext.groovy] does not exist
19:07:52.443 [main] INFO org.springframework.test.context.support.AbstractContextLoader - Could not detect default resource locations for test class [hellorequestparams.HelloRequestParamsTest]: no resource found for suffixes {-context.xml, Context.groovy}.
19:07:52.444 [main] INFO org.springframework.test.context.support.AnnotationConfigContextLoaderUtils - Could not detect default configuration classes for test class [hellorequestparams.HelloRequestParamsTest]: HelloRequestParamsTest does not declare any static, non-private, non-final, nested classes annotated with @Configuration.
19:07:52.527 [main] DEBUG org.springframework.test.context.support.ActiveProfilesUtils - Could not find an 'annotation declaring class' for annotation type [org.springframework.test.context.ActiveProfiles] and class [hellorequestparams.HelloRequestParamsTest]
19:07:52.596 [main] DEBUG org.springframework.context.annotation.ClassPathScanningCandidateComponentProvider - Identified candidate component class: file [C:\Users\kimmo\Documents\NetBeansProjects\mooc-wepa-2020\osa01-Osa01_09.HelloRequestParams\target\classes\hellorequestparams\HelloRequestParamsApplication.class]
19:07:52.606 [main] INFO org.springframework.boot.test.context.SpringBootTestContextBootstrapper - Found @SpringBootConfiguration hellorequestparams.HelloRequestParamsApplication for test class hellorequestparams.HelloRequestParamsTest
19:07:52.741 [main] DEBUG org.springframework.boot.test.context.SpringBootTestContextBootstrapper - @TestExecutionListeners is not present for class [hellorequestparams.HelloRequestParamsTest]: using defaults.
19:07:52.744 [main] INFO org.springframework.boot.test.context.SpringBootTestContextBootstrapper - Loaded default TestExecutionListener class names from location [META-INF/spring.factories]: [org.springframework.boot.test.mock.mockito.MockitoTestExecutionListener, org.springframework.boot.test.mock.mockito.ResetMocksTestExecutionListener, org.springframework.boot.test.autoconfigure.restdocs.RestDocsTestExecutionListener, org.springframework.boot.test.autoconfigure.web.client.MockRestServiceServerResetTestExecutionListener, org.springframework.boot.test.autoconfigure.web.servlet.MockMvcPrintOnlyOnFailureTestExecutionListener, org.springframework.boot.test.autoconfigure.web.servlet.WebDriverTestExecutionListener, org.springframework.test.context.web.ServletTestExecutionListener, org.springframework.test.context.support.DirtiesContextBeforeModesTestExecutionListener, org.springframework.test.context.support.DependencyInjectionTestExecutionListener, org.springframework.test.context.support.DirtiesContextTestExecutionListener, org.springframework.test.context.transaction.TransactionalTestExecutionListener, org.springframework.test.context.jdbc.SqlScriptsTestExecutionListener]
19:07:52.749 [main] DEBUG org.springframework.boot.test.context.SpringBootTestContextBootstrapper - Skipping candidate TestExecutionListener [org.springframework.test.context.transaction.TransactionalTestExecutionListener] due to a missing dependency. Specify custom listener classes or make the default listener classes and their required dependencies available. Offending class: [org/springframework/transaction/interceptor/TransactionAttributeSource]
19:07:52.756 [main] DEBUG org.springframework.boot.test.context.SpringBootTestContextBootstrapper - Skipping candidate TestExecutionListener [org.springframework.test.context.jdbc.SqlScriptsTestExecutionListener] due to a missing dependency. Specify custom listener classes or make the default listener classes and their required dependencies available. Offending class: [org/springframework/transaction/interceptor/TransactionAttribute]
19:07:52.756 [main] INFO org.springframework.boot.test.context.SpringBootTestContextBootstrapper - Using TestExecutionListeners: [org.springframework.test.context.web.ServletTestExecutionListener@1bd4fdd, org.springframework.test.context.support.DirtiesContextBeforeModesTestExecutionListener@55183b20, org.springframework.boot.test.mock.mockito.MockitoTestExecutionListener@4f83df68, org.springframework.boot.test.autoconfigure.SpringBootDependencyInjectionTestExecutionListener@6cf0e0ba, org.springframework.test.context.support.DirtiesContextTestExecutionListener@7d8995e, org.springframework.boot.test.mock.mockito.ResetMocksTestExecutionListener@130d63be, org.springframework.boot.test.autoconfigure.restdocs.RestDocsTestExecutionListener@42a48628, org.springframework.boot.test.autoconfigure.web.client.MockRestServiceServerResetTestExecutionListener@293a5bf6, org.springframework.boot.test.autoconfigure.web.servlet.MockMvcPrintOnlyOnFailureTestExecutionListener@6aeb35e6, org.springframework.boot.test.autoconfigure.web.servlet.WebDriverTestExecutionListener@1283bb96]
19:07:52.758 [main] DEBUG org.springframework.test.annotation.ProfileValueUtils - Retrieved @ProfileValueSourceConfiguration [null] for test class [hellorequestparams.HelloRequestParamsTest]
19:07:52.759 [main] DEBUG org.springframework.test.annotation.ProfileValueUtils - Retrieved ProfileValueSource type [class org.springframework.test.annotation.SystemProfileValueSource] for class [hellorequestparams.HelloRequestParamsTest]
19:07:52.761 [main] DEBUG org.springframework.test.annotation.ProfileValueUtils - Retrieved @ProfileValueSourceConfiguration [null] for test class [hellorequestparams.HelloRequestParamsTest]
19:07:52.761 [main] DEBUG org.springframework.test.annotation.ProfileValueUtils - Retrieved ProfileValueSource type [class org.springframework.test.annotation.SystemProfileValueSource] for class [hellorequestparams.HelloRequestParamsTest]
19:07:52.761 [main] DEBUG org.springframework.test.annotation.ProfileValueUtils - Retrieved @ProfileValueSourceConfiguration [null] for test class [hellorequestparams.HelloRequestParamsTest]
19:07:52.762 [main] DEBUG org.springframework.test.annotation.ProfileValueUtils - Retrieved ProfileValueSource type [class org.springframework.test.annotation.SystemProfileValueSource] for class [hellorequestparams.HelloRequestParamsTest]
19:07:52.764 [main] DEBUG org.springframework.test.context.support.AbstractDirtiesContextTestExecutionListener - Before test class: context [DefaultTestContext@a1153bc testClass = HelloRequestParamsTest, testInstance = [null], testMethod = [null], testException = [null], mergedContextConfiguration = [WebMergedContextConfiguration@1aafa419 testClass = HelloRequestParamsTest, locations = '{}', classes = '{class hellorequestparams.HelloRequestParamsApplication}', contextInitializerClasses = '[]', activeProfiles = '{}', propertySourceLocations = '{}', propertySourceProperties = '{org.springframework.boot.test.context.SpringBootTestContextBootstrapper=true}', contextCustomizers = set[[ImportsContextCustomizer@47eaca72 key = [org.springframework.boot.test.autoconfigure.web.servlet.MockMvcAutoConfiguration, org.springframework.boot.test.autoconfigure.web.servlet.MockMvcSecurityAutoConfiguration, org.springframework.boot.test.autoconfigure.web.servlet.MockMvcWebClientAutoConfiguration, org.springframework.boot.test.autoconfigure.web.servlet.MockMvcWebDriverAutoConfiguration]], org.springframework.boot.test.context.filter.ExcludeFilterContextCustomizer@3891771e, org.springframework.boot.test.json.DuplicateJsonObjectContextCustomizerFactory$DuplicateJsonObjectContextCustomizer@396e2f39, org.springframework.boot.test.mock.mockito.MockitoContextCustomizer@0, org.springframework.boot.test.web.client.TestRestTemplateContextCustomizer@4d1b0d2a, org.springframework.boot.test.autoconfigure.properties.PropertyMappingContextCustomizer@e7e8512, org.springframework.boot.test.autoconfigure.web.servlet.WebDriverContextCustomizerFactory$Customizer@31f924f5], resourceBasePath = 'src/main/webapp', contextLoader = 'org.springframework.boot.test.context.SpringBootContextLoader', parent = [null]], attributes = map['org.springframework.test.context.web.ServletTestExecutionListener.activateListener' -> true]], class annotated with @DirtiesContext [false] with mode [null].
19:07:52.764 [main] DEBUG org.springframework.test.annotation.ProfileValueUtils - Retrieved @ProfileValueSourceConfiguration [null] for test class [hellorequestparams.HelloRequestParamsTest]
19:07:52.766 [main] DEBUG org.springframework.test.annotation.ProfileValueUtils - Retrieved ProfileValueSource type [class org.springframework.test.annotation.SystemProfileValueSource] for class [hellorequestparams.HelloRequestParamsTest]
19:07:52.789 [main] DEBUG org.springframework.test.context.support.TestPropertySourceUtils - Adding inlined properties to environment: {spring.jmx.enabled=false, org.springframework.boot.test.context.SpringBootTestContextBootstrapper=true, server.port=-1}

  .   ____          _            __ _ _
 /\\ / ___'_ __ _ _(_)_ __  __ _ \ \ \ \
( ( )\___ | '_ | '_| | '_ \/ _` | \ \ \ \
 \\/  ___)| |_)| | | | | || (_| |  ) ) ) )
  '  |____| .__|_| |_|_| |_\__, | / / / /
 =========|_|==============|___/=/_/_/_/
 :: Spring Boot ::        (v2.1.3.RELEASE)

2020-03-10 19:07:53.057  INFO 6204 --- [           main] h.HelloRequestParamsTest                 : Starting HelloRequestParamsTest on MSI with PID 6204 (started by kimmo in C:\Users\kimmo\Documents\NetBeansProjects\mooc-wepa-2020\osa01-Osa01_09.HelloRequestParams)
2020-03-10 19:07:53.059  INFO 6204 --- [           main] h.HelloRequestParamsTest                 : No active profile set, falling back to default profiles: default
2020-03-10 19:07:54.604  INFO 6204 --- [           main] o.s.s.concurrent.ThreadPoolTaskExecutor  : Initializing ExecutorService 'applicationTaskExecutor'
2020-03-10 19:07:54.961  INFO 6204 --- [           main] o.s.b.t.m.w.SpringBootMockServletContext : Initializing Spring TestDispatcherServlet ''
2020-03-10 19:07:54.961  INFO 6204 --- [           main] o.s.t.web.servlet.TestDispatcherServlet  : Initializing Servlet ''
2020-03-10 19:07:54.975  INFO 6204 --- [           main] o.s.t.web.servlet.TestDispatcherServlet  : Completed initialization in 14 ms
2020-03-10 19:07:55.014  INFO 6204 --- [           main] h.HelloRequestParamsTest                 : Started HelloRequestParamsTest in 2.216 seconds (JVM running for 3.216)

MockHttpServletRequest:
      HTTP Method = GET
      Request URI = /hello
       Parameters = {param=[value]}
          Headers = []
             Body = null
    Session Attrs = {}

Handler:
             Type = hellorequestparams.HelloRequestParamsController
           Method = public java.lang.String hellorequestparams.HelloRequestParamsController.Greet(java.lang.String)

Async:
    Async started = false
     Async result = null

Resolved Exception:
             Type = null

ModelAndView:
        View name = Hello value
             View = null
            Model = null

FlashMap:
       Attributes = null

MockHttpServletResponse:
           Status = 200
    Error message = null
          Headers = [Content-Language:"en"]
     Content type = null
             Body = 
    Forwarded URL = Hello value
   Redirected URL = null
          Cookies = []
]]></system-out>
  </testcase>
  <testcase name="singleParamTest2" classname="hellorequestparams.HelloRequestParamsTest" time="0.008">
    <failure message="Response content expected:&lt;Hello test&gt; but was:&lt;&gt;" type="java.lang.AssertionError"><![CDATA[java.lang.AssertionError: Response content expected:<Hello test> but was:<>
	at hellorequestparams.HelloRequestParamsTest.singleParamTest2(HelloRequestParamsTest.java:36)
]]></failure>
    <system-out><![CDATA[
MockHttpServletRequest:
      HTTP Method = GET
      Request URI = /hello
       Parameters = {param=[value]}
          Headers = []
             Body = null
    Session Attrs = {}

Handler:
             Type = hellorequestparams.HelloRequestParamsController
           Method = public java.lang.String hellorequestparams.HelloRequestParamsController.Greet(java.lang.String)

Async:
    Async started = false
     Async result = null

Resolved Exception:
             Type = null

ModelAndView:
        View name = Hello value
             View = null
            Model = null

FlashMap:
       Attributes = null

MockHttpServletResponse:
           Status = 200
    Error message = null
          Headers = [Content-Language:"en"]
     Content type = null
             Body = 
    Forwarded URL = Hello value
   Redirected URL = null
          Cookies = []

MockHttpServletRequest:
      HTTP Method = GET
      Request URI = /hello
       Parameters = {param=[test]}
          Headers = []
             Body = null
    Session Attrs = {}

Handler:
             Type = hellorequestparams.HelloRequestParamsController
           Method = public java.lang.String hellorequestparams.HelloRequestParamsController.Greet(java.lang.String)

Async:
    Async started = false
     Async result = null

Resolved Exception:
             Type = null

ModelAndView:
        View name = Hello test
             View = null
            Model = null

FlashMap:
       Attributes = null

MockHttpServletResponse:
           Status = 200
    Error message = null
          Headers = [Content-Language:"en"]
     Content type = null
             Body = 
    Forwarded URL = Hello test
   Redirected URL = null
          Cookies = []
]]></system-out>
  </testcase>
  <testcase name="randomPathTest" classname="hellorequestparams.HelloRequestParamsTest" time="0.343"/>
  <testcase name="multiParamsTest" classname="hellorequestparams.HelloRequestParamsTest" time="0.018">
    <failure message="Response content&#10;Expected: a string containing &quot;aaa&quot;&#10;     but: was &quot;&quot;" type="java.lang.AssertionError">java.lang.AssertionError: 
Response content
Expected: a string containing "aaa"
     but: was ""
	at hellorequestparams.HelloRequestParamsTest.multiParamsTest(HelloRequestParamsTest.java:42)
</failure>
    <system-out><![CDATA[
MockHttpServletRequest:
      HTTP Method = GET
      Request URI = /hello
       Parameters = {param=[value]}
          Headers = []
             Body = null
    Session Attrs = {}

Handler:
             Type = hellorequestparams.HelloRequestParamsController
           Method = public java.lang.String hellorequestparams.HelloRequestParamsController.Greet(java.lang.String)

Async:
    Async started = false
     Async result = null

Resolved Exception:
             Type = null

ModelAndView:
        View name = Hello value
             View = null
            Model = null

FlashMap:
       Attributes = null

MockHttpServletResponse:
           Status = 200
    Error message = null
          Headers = [Content-Language:"en"]
     Content type = null
             Body = 
    Forwarded URL = Hello value
   Redirected URL = null
          Cookies = []

MockHttpServletRequest:
      HTTP Method = GET
      Request URI = /hello
       Parameters = {param=[test]}
          Headers = []
             Body = null
    Session Attrs = {}

Handler:
             Type = hellorequestparams.HelloRequestParamsController
           Method = public java.lang.String hellorequestparams.HelloRequestParamsController.Greet(java.lang.String)

Async:
    Async started = false
     Async result = null

Resolved Exception:
             Type = null

ModelAndView:
        View name = Hello test
             View = null
            Model = null

FlashMap:
       Attributes = null

MockHttpServletResponse:
           Status = 200
    Error message = null
          Headers = [Content-Language:"en"]
     Content type = null
             Body = 
    Forwarded URL = Hello test
   Redirected URL = null
          Cookies = []

MockHttpServletRequest:
      HTTP Method = GET
      Request URI = /acfd42ca-eb9e-47da-850f-7c2ee40b9d26
       Parameters = {}
          Headers = []
             Body = null
    Session Attrs = {}

Handler:
             Type = org.springframework.web.servlet.resource.ResourceHttpRequestHandler

Async:
    Async started = false
     Async result = null

Resolved Exception:
             Type = null

ModelAndView:
        View name = null
             View = null
            Model = null

FlashMap:
       Attributes = null

MockHttpServletResponse:
           Status = 404
    Error message = null
          Headers = []
     Content type = null
             Body = 
    Forwarded URL = null
   Redirected URL = null
          Cookies = []

MockHttpServletRequest:
      HTTP Method = GET
      Request URI = /params
       Parameters = {aaa=[aaa], bbb=[bbb], ccc=[ccc], ddd=[ddd]}
          Headers = []
             Body = null
    Session Attrs = {}

Handler:
             Type = hellorequestparams.HelloRequestParamsController
           Method = public java.lang.String hellorequestparams.HelloRequestParamsController.Params(java.util.Map<java.lang.String, java.lang.String>)

Async:
    Async started = false
     Async result = null

Resolved Exception:
             Type = null

ModelAndView:
        View name = aaa = aaabbb = bbbccc = cccddd = ddd
             View = null
            Model = null

FlashMap:
       Attributes = null

MockHttpServletResponse:
           Status = 200
    Error message = null
          Headers = [Content-Language:"en"]
     Content type = null
             Body = 
    Forwarded URL = aaa = aaabbb = bbbccc = cccddd = ddd
   Redirected URL = null
          Cookies = []
]]></system-out>
  </testcase>
  <testcase name="multiParamsTest2" classname="hellorequestparams.HelloRequestParamsTest" time="0.008">
    <failure message="Response content&#10;Expected: a string containing &quot;x&quot;&#10;     but: was &quot;&quot;" type="java.lang.AssertionError">java.lang.AssertionError: 
Response content
Expected: a string containing "x"
     but: was ""
	at hellorequestparams.HelloRequestParamsTest.multiParamsTest2(HelloRequestParamsTest.java:52)
</failure>
    <system-out><![CDATA[
MockHttpServletRequest:
      HTTP Method = GET
      Request URI = /hello
       Parameters = {param=[value]}
          Headers = []
             Body = null
    Session Attrs = {}

Handler:
             Type = hellorequestparams.HelloRequestParamsController
           Method = public java.lang.String hellorequestparams.HelloRequestParamsController.Greet(java.lang.String)

Async:
    Async started = false
     Async result = null

Resolved Exception:
             Type = null

ModelAndView:
        View name = Hello value
             View = null
            Model = null

FlashMap:
       Attributes = null

MockHttpServletResponse:
           Status = 200
    Error message = null
          Headers = [Content-Language:"en"]
     Content type = null
             Body = 
    Forwarded URL = Hello value
   Redirected URL = null
          Cookies = []

MockHttpServletRequest:
      HTTP Method = GET
      Request URI = /hello
       Parameters = {param=[test]}
          Headers = []
             Body = null
    Session Attrs = {}

Handler:
             Type = hellorequestparams.HelloRequestParamsController
           Method = public java.lang.String hellorequestparams.HelloRequestParamsController.Greet(java.lang.String)

Async:
    Async started = false
     Async result = null

Resolved Exception:
             Type = null

ModelAndView:
        View name = Hello test
             View = null
            Model = null

FlashMap:
       Attributes = null

MockHttpServletResponse:
           Status = 200
    Error message = null
          Headers = [Content-Language:"en"]
     Content type = null
             Body = 
    Forwarded URL = Hello test
   Redirected URL = null
          Cookies = []

MockHttpServletRequest:
      HTTP Method = GET
      Request URI = /acfd42ca-eb9e-47da-850f-7c2ee40b9d26
       Parameters = {}
          Headers = []
             Body = null
    Session Attrs = {}

Handler:
             Type = org.springframework.web.servlet.resource.ResourceHttpRequestHandler

Async:
    Async started = false
     Async result = null

Resolved Exception:
             Type = null

ModelAndView:
        View name = null
             View = null
            Model = null

FlashMap:
       Attributes = null

MockHttpServletResponse:
           Status = 404
    Error message = null
          Headers = []
     Content type = null
             Body = 
    Forwarded URL = null
   Redirected URL = null
          Cookies = []

MockHttpServletRequest:
      HTTP Method = GET
      Request URI = /params
       Parameters = {aaa=[aaa], bbb=[bbb], ccc=[ccc], ddd=[ddd]}
          Headers = []
             Body = null
    Session Attrs = {}

Handler:
             Type = hellorequestparams.HelloRequestParamsController
           Method = public java.lang.String hellorequestparams.HelloRequestParamsController.Params(java.util.Map<java.lang.String, java.lang.String>)

Async:
    Async started = false
     Async result = null

Resolved Exception:
             Type = null

ModelAndView:
        View name = aaa = aaabbb = bbbccc = cccddd = ddd
             View = null
            Model = null

FlashMap:
       Attributes = null

MockHttpServletResponse:
           Status = 200
    Error message = null
          Headers = [Content-Language:"en"]
     Content type = null
             Body = 
    Forwarded URL = aaa = aaabbb = bbbccc = cccddd = ddd
   Redirected URL = null
          Cookies = []

MockHttpServletRequest:
      HTTP Method = GET
      Request URI = /params
       Parameters = {x=[aaa], y=[bbb]}
          Headers = []
             Body = null
    Session Attrs = {}

Handler:
             Type = hellorequestparams.HelloRequestParamsController
           Method = public java.lang.String hellorequestparams.HelloRequestParamsController.Params(java.util.Map<java.lang.String, java.lang.String>)

Async:
    Async started = false
     Async result = null

Resolved Exception:
             Type = null

ModelAndView:
        View name = x = aaay = bbb
             View = null
            Model = null

FlashMap:
       Attributes = null

MockHttpServletResponse:
           Status = 200
    Error message = null
          Headers = [Content-Language:"en"]
     Content type = null
             Body = 
    Forwarded URL = x = aaay = bbb
   Redirected URL = null
          Cookies = []
]]></system-out>
  </testcase>
</testsuite>